<?xml version="1.0" encoding="UTF-8"?>
<!-- Generated by org.testng.reporters.JUnitXMLReporter -->
<testsuite ignored="0" hostname="DESKTOP-OJERK3R" failures="0" tests="3" name="LoginTest" time="11.25" errors="0" timestamp="2025-05-19T19:00:40 IST">
  <testcase classname="com.SwagLabs.TestCases.LoginPageTest" name="VerifyApplicationUrl" time="0.038"/>
  <testcase classname="com.SwagLabs.TestCases.LoginPageTest" name="VerifyApplicationTitle" time="0.019"/>
  <testcase classname="com.SwagLabs.TestCases.LoginPageTest" name="VerifyLogin" time="0.006"/>
</testsuite> <!-- LoginTest -->
