<?xml version="1.0" encoding="UTF-8"?>
<!-- Generated by org.testng.reporters.JUnitXMLReporter -->
<testsuite ignored="1" hostname="DESKTOP-OJERK3R" failures="0" tests="7" name="Test" time="9.582" errors="0" timestamp="2025-05-19T14:35:22 IST">
  <testcase classname="com.SwagLabs.TestCases.InventoryPageTest" name="@BeforeClass pageSetUp" time="0.002">
    <failure type="java.lang.NullPointerException" message="Cannot invoke &amp;quot;com.SwagLabs.Pages.LoginPage.VerifyApplicationLogin(String, String)&amp;quot; because &amp;quot;this.lp&amp;quot; is null">
      <![CDATA[java.lang.NullPointerException: Cannot invoke "com.SwagLabs.Pages.LoginPage.VerifyApplicationLogin(String, String)" because "this.lp" is null
at com.SwagLabs.TestCases.InventoryPageTest.pageSetUp(InventoryPageTest.java:11)
at java.base/java.util.ArrayList.forEach(ArrayList.java:1597)
... Removed 23 stack frames]]>
    </failure>
  </testcase> <!-- @BeforeClass pageSetUp -->
  <testcase classname="com.SwagLabs.TestCases.LoginPageTest" name="verifyApplicationURL" time="0.033"/>
  <testcase classname="com.SwagLabs.TestCases.LoginPageTest" name="VerifyApplicationTitle" time="0.025"/>
  <testcase classname="com.SwagLabs.TestCases.LoginPageTest" name="VerifyLogin" time="0.007"/>
  <testcase classname="com.SwagLabs.TestCases.InventoryPageTest" name="verifyTotalProduct1" time="0.0">
    <skipped/>
  </testcase> <!-- verifyTotalProduct1 -->
  <testcase classname="com.SwagLabs.TestCases.InventoryPageTest" name="verifyProductDetails" time="0.0">
    <skipped/>
  </testcase> <!-- verifyProductDetails -->
  <testcase classname="com.SwagLabs.TestCases.InventoryPageTest" name="verifyAddProductToCart" time="0.0">
    <skipped/>
  </testcase> <!-- verifyAddProductToCart -->
  <testcase classname="com.SwagLabs.TestCases.InventoryPageTest" name="verifyCartPageLaunch" time="0.0">
    <skipped/>
  </testcase> <!-- verifyCartPageLaunch -->
  <testcase classname="com.SwagLabs.TestCases.BaseTest" name="@BeforeTest SetUp" time="0.0">
    <ignored/>
  </testcase> <!-- @BeforeTest SetUp -->
</testsuite> <!-- Test -->
